[debug] [2022-08-09T09:19:05.005Z] ----------------------------------------------------------------------
[debug] [2022-08-09T09:19:05.008Z] Command:       C:\Program Files\nodejs\node.exe C:\Users\admin\AppData\Roaming\npm\node_modules\firebase-tools\lib\bin\firebase.js init
[debug] [2022-08-09T09:19:05.009Z] CLI Version:   11.5.0
[debug] [2022-08-09T09:19:05.009Z] Platform:      win32
[debug] [2022-08-09T09:19:05.010Z] Node Version:  v16.16.0
[debug] [2022-08-09T09:19:05.011Z] Time:          Tue Aug 09 2022 14:49:05 GMT+0530 (India Standard Time)
[debug] [2022-08-09T09:19:05.011Z] ----------------------------------------------------------------------
[debug] 
[debug] [2022-08-09T09:19:05.106Z] > command requires scopes: ["email","openid","https://www.googleapis.com/auth/cloudplatformprojects.readonly","https://www.googleapis.com/auth/firebase","https://www.googleapis.com/auth/cloud-platform"]
[debug] [2022-08-09T09:19:05.106Z] > authorizing via signed-in user (greenpheasant@mailinator.com)
[info] 
     ######## #### ########  ######## ########     ###     ######  ########
     ##        ##  ##     ## ##       ##     ##  ##   ##  ##       ##
     ######    ##  ########  ######   ########  #########  ######  ######
     ##        ##  ##    ##  ##       ##     ## ##     ##       ## ##
     ##       #### ##     ## ######## ########  ##     ##  ######  ########

You're about to initialize a Firebase project in this directory:

  C:\xampp\htdocs\greenAngular

Before we get started, keep in mind:

  * You are currently outside your home directory
  * You are initializing within an existing Firebase project directory

